20:34:03 : No Valid response. Trying to reconnect.!
﻿20:34:07 : No Valid response. Trying to reconnect.!
﻿20:34:11 : No Valid response. Trying to reconnect.!
﻿20:34:15 : Lost Connection!
﻿20:34:15 : Closing socket & exiting!
﻿20:34:56 : No Valid response. Trying to reconnect.!
﻿20:35:00 : No Valid response. Trying to reconnect.!
﻿20:35:04 : No Valid response. Trying to reconnect.!
﻿20:35:08 : Lost Connection!
﻿20:35:08 : Closing socket & exiting!
﻿20:35:18 : No Valid response. Trying to reconnect.!
﻿20:35:22 : No Valid response. Trying to reconnect.!
﻿20:35:26 : No Valid response. Trying to reconnect.!
﻿20:35:30 : Lost Connection!
﻿20:35:30 : Closing socket & exiting!
﻿20:37:30 : Rcon client logging in
﻿20:37:30 : RCon admin #0 (174.108.0.116:61148) logged in
﻿20:38:37 : Player #0 grave (174.108.0.116:2316) connected
﻿20:38:39 : Player #0 grave - GUID: 846e3d36f1c52662a763031b24fdc1e5 (unverified)
﻿20:38:39 : Verified GUID (846e3d36f1c52662a763031b24fdc1e5) of player #0 grave
﻿20:38:40 : IMPORTANT: Server admins now have to convert their BE filter files to a new regex-compatible format and put "//new" into the files' first line. Details: http://forums.bistudio.com/showthread.php?167504-Regular-Expression-%28Regex%29-Support-for-BE-Filters
﻿20:53:17 : Player #0 grave disconnected
﻿21:02:16 : Rcon client logging in
﻿21:02:16 : RCon admin #0 (174.108.0.116:59056) logged in
﻿21:02:49 : Player #0 grave (174.108.0.116:2316) connected
﻿21:02:51 : Player #0 grave - GUID: 846e3d36f1c52662a763031b24fdc1e5 (unverified)
﻿21:02:51 : Verified GUID (846e3d36f1c52662a763031b24fdc1e5) of player #0 grave
﻿21:02:51 : RCon admin #0: (Global) BEC : Admin grave Connected
﻿21:15:06 : Player #0 grave disconnected
﻿21:44:47 : Rcon client logging in
﻿21:44:47 : RCon admin #0 (174.108.0.116:64396) logged in
﻿21:45:14 : RCon admin #0: (Global) BEC : TOOT TOOT
﻿21:45:28 : Player #0 grave (174.108.0.116:2316) connected
﻿21:45:30 : Player #0 grave - GUID: 846e3d36f1c52662a763031b24fdc1e5 (unverified)
﻿21:45:30 : RCon admin #0: (Global) BEC : Admin grave Connected
﻿21:45:30 : Verified GUID (846e3d36f1c52662a763031b24fdc1e5) of player #0 grave
﻿21:45:31 : IMPORTANT: Server admins now have to convert their BE filter files to a new regex-compatible format and put "//new" into the files' first line. Details: http://forums.bistudio.com/showthread.php?167504-Regular-Expression-%28Regex%29-Support-for-BE-Filters
﻿21:45:43 : RCon admin #0: (Global) BEC : TOOT TOOT
﻿21:45:44 : RCon admin #0: (Global) BEC : TOOT TOOT
﻿21:46:13 : RCon admin #0: (Global) BEC : TOOT TOOT
﻿21:46:13 : RCon admin #0: (Global) BEC : TOOT TOOT
﻿21:46:14 : RCon admin #0: (Global) BEC : TOOT TOOT
﻿21:46:43 : RCon admin #0: (Global) BEC : TOOT TOOT
﻿21:46:43 : RCon admin #0: (Global) BEC : TOOT TOOT
﻿21:46:44 : RCon admin #0: (Global) BEC : TOOT TOOT
﻿21:46:44 : RCon admin #0: (Global) BEC : TOOT TOOT
﻿21:47:13 : RCon admin #0: (Global) BEC : TOOT TOOT
﻿21:47:13 : RCon admin #0: (Global) BEC : TOOT TOOT
﻿21:47:14 : RCon admin #0: (Global) BEC : TOOT TOOT
﻿21:47:14 : RCon admin #0: (Global) BEC : TOOT TOOT
﻿21:47:43 : RCon admin #0: (Global) BEC : TOOT TOOT
﻿21:47:43 : RCon admin #0: (Global) BEC : TOOT TOOT
﻿21:47:44 : RCon admin #0: (Global) BEC : TOOT TOOT
﻿21:47:44 : RCon admin #0: (Global) BEC : TOOT TOOT
﻿21:48:02 : Player #0 grave disconnected
﻿21:48:13 : RCon admin #0: (Global) BEC : TOOT TOOT
﻿21:48:13 : RCon admin #0: (Global) BEC : TOOT TOOT
﻿21:48:14 : RCon admin #0: (Global) BEC : TOOT TOOT
﻿21:48:14 : RCon admin #0: (Global) BEC : TOOT TOOT
﻿21:54:15 : Rcon client logging in
﻿21:54:15 : RCon admin #0 (174.108.0.116:53460) logged in
﻿21:54:46 : Rcon client logging in
﻿21:54:46 : RCon admin #1 (174.108.0.116:64787) logged in
﻿21:55:16 : Player #0 grave (174.108.0.116:2316) connected
﻿21:55:17 : Player #0 grave - GUID: 846e3d36f1c52662a763031b24fdc1e5 (unverified)
﻿21:55:17 : RCon admin #1: (Global) BEC : Admin grave Connected
﻿21:55:17 : Verified GUID (846e3d36f1c52662a763031b24fdc1e5) of player #0 grave
﻿21:57:42 : RCon admin #1: (Global) BEC : Admins: grave, nox, lupintheblerd
﻿22:00:42 : RCon admin #1: (Global) BEC : server rules found in the actions menu
﻿22:00:42 : RCon admin #1: (Global) BEC : Visit the community forum at WWW...
﻿22:00:42 : RCon admin #1: (Global) BEC : TS IP:0.0.0.0
﻿22:00:42 : RCon admin #1: (Global) BEC : Admins: grave, nox, lupintheblerd
﻿22:03:42 : RCon admin #1: (Global) BEC : server rules found in the actions menu
﻿22:03:42 : RCon admin #1: (Global) BEC : TS IP:0.0.0.0
﻿22:03:42 : RCon admin #1: (Global) BEC : Visit the community forum at WWW...
﻿22:03:42 : RCon admin #1: (Global) BEC : Admins: grave, nox, lupintheblerd
﻿22:05:00 : Player #0 grave disconnected
